<?xml version="1.0" encoding="UTF-8"?>
<!-- Generated by org.testng.reporters.JUnitReportReporter -->
<testsuite hostname="Sharu" failures="0" tests="2" name="com.sevenrmartsupermarket.tests.ManageProductTest" time="9.223" errors="0" timestamp="2024-10-02T11:51:13 IST" skipped="0">
  <testcase classname="com.sevenrmartsupermarket.tests.ManageProductTest" name="verifyTableHeader" time="3.807"/>
  <testcase classname="com.sevenrmartsupermarket.tests.ManageProductTest" name="verifyProductSearch" time="5.416"/>
</testsuite> <!-- com.sevenrmartsupermarket.tests.ManageProductTest -->
