<?xml version="1.0" encoding="UTF-8"?>
<!-- Generated by org.testng.reporters.JUnitReportReporter -->
<testsuite hostname="Sharu" failures="0" tests="1" name="com.sevenrmartsupermarket.tests.CategoryTest" time="29.137" errors="0" timestamp="2024-10-01T16:43:12 IST" skipped="0">
  <testcase classname="com.sevenrmartsupermarket.tests.CategoryTest" name="verifyNewCategoryCreation" time="29.137"/>
</testsuite> <!-- com.sevenrmartsupermarket.tests.CategoryTest -->
