<?xml version="1.0" encoding="UTF-8"?>
<!-- Generated by org.testng.reporters.JUnitReportReporter -->
<testsuite hostname="Sharu" failures="0" tests="1" name="com.sevenrmartsupermarket.tests.HomeTest" time="5.926" errors="0" timestamp="2024-10-02T11:12:20 IST" skipped="0">
  <testcase classname="com.sevenrmartsupermarket.tests.HomeTest" name="VerifyHomeProfileName" time="5.926"/>
</testsuite> <!-- com.sevenrmartsupermarket.tests.HomeTest -->
