<?xml version="1.0" encoding="UTF-8"?>
<!-- Generated by org.testng.reporters.JUnitReportReporter -->
<testsuite hostname="Sharu" failures="0" tests="1" name="com.sevenrmartsupermarket.tests.ManageNewsTest" time="7.119" errors="0" timestamp="2024-10-01T21:14:11 IST" skipped="0">
  <testcase classname="com.sevenrmartsupermarket.tests.ManageNewsTest" name="verifyDeletionOfNews" time="7.119"/>
</testsuite> <!-- com.sevenrmartsupermarket.tests.ManageNewsTest -->
