<?xml version="1.0" encoding="UTF-8"?>
<!-- Generated by org.testng.reporters.JUnitReportReporter -->
<testsuite hostname="Sharu" failures="0" tests="2" name="com.sevenrmartsupermarket.tests.AdminTest" time="9.103" errors="0" timestamp="2024-10-02T16:55:37 IST" skipped="0">
  <testcase classname="com.sevenrmartsupermarket.tests.AdminTest" name="VerifynewAdminCreation" time="5.241"/>
  <testcase classname="com.sevenrmartsupermarket.tests.AdminTest" name="VerifynewAdminCreation" time="3.862"/>
</testsuite> <!-- com.sevenrmartsupermarket.tests.AdminTest -->
