<?xml version="1.0" encoding="UTF-8"?>
<!-- Generated by org.testng.reporters.JUnitReportReporter -->
<testsuite hostname="Sharu" failures="0" tests="1" name="com.sevenrmartsupermarket.tests.SubCategoryTest" time="7.334" errors="0" timestamp="2024-10-02T17:04:23 IST" skipped="0">
  <testcase classname="com.sevenrmartsupermarket.tests.SubCategoryTest" name="verifyNewSubCategoryCreation" time="7.334"/>
</testsuite> <!-- com.sevenrmartsupermarket.tests.SubCategoryTest -->
