<?xml version="1.0" encoding="UTF-8"?>
<!-- Generated by org.testng.reporters.JUnitReportReporter -->
<testsuite hostname="Sharu" failures="0" tests="1" name="com.sevenrmartsupermarket.tests.ManageNewsTest" time="7.550" errors="0" timestamp="2024-10-03T14:50:39 IST" skipped="0">
  <testcase classname="com.sevenrmartsupermarket.tests.ManageNewsTest" name="verifyDeletionOfNews" time="7.550"/>
</testsuite> <!-- com.sevenrmartsupermarket.tests.ManageNewsTest -->
