<?xml version="1.0" encoding="UTF-8"?>
<!-- Generated by org.testng.reporters.JUnitReportReporter -->
<testsuite hostname="Sharu" failures="0" tests="2" name="com.sevenrmartsupermarket.tests.ManageNewsTest" time="8.802" errors="0" timestamp="2024-10-02T17:49:34 IST" skipped="0">
  <testcase classname="com.sevenrmartsupermarket.tests.ManageNewsTest" name="verifyNewsPageCreation" time="4.897"/>
  <testcase classname="com.sevenrmartsupermarket.tests.ManageNewsTest" name="verifyDeletionOfNews" time="3.905"/>
</testsuite> <!-- com.sevenrmartsupermarket.tests.ManageNewsTest -->
