<?xml version="1.0" encoding="UTF-8"?>
<!-- Generated by org.testng.reporters.JUnitReportReporter -->
<testsuite hostname="Sharu" failures="0" tests="2" name="com.sevenrmartsupermarket.tests.ManageNewsTest" time="28.799" errors="0" timestamp="2024-10-01T16:43:12 IST" skipped="0">
  <testcase classname="com.sevenrmartsupermarket.tests.ManageNewsTest" name="verifyDeletionOfNews" time="16.497"/>
  <testcase classname="com.sevenrmartsupermarket.tests.ManageNewsTest" name="verifyNewsPageCreation" time="12.302"/>
</testsuite> <!-- com.sevenrmartsupermarket.tests.ManageNewsTest -->
