<?xml version="1.0" encoding="UTF-8"?>
<!-- Generated by org.testng.reporters.JUnitReportReporter -->
<testsuite hostname="Sharu" failures="0" tests="2" name="com.sevenrmartsupermarket.tests.ManageProductTest" time="29.007" errors="0" timestamp="2024-10-01T16:43:12 IST" skipped="0">
  <testcase classname="com.sevenrmartsupermarket.tests.ManageProductTest" name="verifyTableHeader" time="12.610"/>
  <testcase classname="com.sevenrmartsupermarket.tests.ManageProductTest" name="verifyProductSearch" time="16.397"/>
</testsuite> <!-- com.sevenrmartsupermarket.tests.ManageProductTest -->
