<?xml version="1.0" encoding="UTF-8"?>
<!-- Generated by org.testng.reporters.JUnitReportReporter -->
<testsuite hostname="Sharu" failures="0" tests="3" name="com.sevenrmartsupermarket.tests.LoginTest" time="20.136" errors="0" timestamp="2024-10-01T16:43:12 IST" skipped="0">
  <testcase classname="com.sevenrmartsupermarket.tests.LoginTest" name="verifyAdminLogin" time="6.582"/>
  <testcase classname="com.sevenrmartsupermarket.tests.LoginTest" name="verifyDataProviderLogin" time="5.659"/>
  <testcase classname="com.sevenrmartsupermarket.tests.LoginTest" name="verifyDataProviderLogin" time="7.895"/>
</testsuite> <!-- com.sevenrmartsupermarket.tests.LoginTest -->
