<?xml version="1.0" encoding="UTF-8"?>
<!-- Generated by org.testng.reporters.JUnitReportReporter -->
<testsuite hostname="Sharu" failures="0" tests="8" name="com.sevenrmartsupermarket.tests.HomeTest" time="39.270" errors="0" timestamp="2024-10-01T16:43:12 IST" skipped="0">
  <testcase classname="com.sevenrmartsupermarket.tests.HomeTest" name="verifyManageCategoryClick" time="5.283"/>
  <testcase classname="com.sevenrmartsupermarket.tests.HomeTest" name="verifyManageSubCategoryClick" time="3.488"/>
  <testcase classname="com.sevenrmartsupermarket.tests.HomeTest" name="verifyProductPageClick" time="4.146"/>
  <testcase classname="com.sevenrmartsupermarket.tests.HomeTest" name="verifyManageContactClick" time="6.914"/>
  <testcase classname="com.sevenrmartsupermarket.tests.HomeTest" name="VerifyHomeProfileName" time="5.005"/>
  <testcase classname="com.sevenrmartsupermarket.tests.HomeTest" name="verifyManageNewsClick" time="5.989"/>
  <testcase classname="com.sevenrmartsupermarket.tests.HomeTest" name="verifyAdminPageClick" time="3.910"/>
  <testcase classname="com.sevenrmartsupermarket.tests.HomeTest" name="VerifyHomeCardNames" time="4.535"/>
</testsuite> <!-- com.sevenrmartsupermarket.tests.HomeTest -->
