<?xml version="1.0" encoding="UTF-8"?>
<!-- Generated by org.testng.reporters.JUnitReportReporter -->
<testsuite hostname="Sharu" failures="0" tests="4" name="com.sevenrmartsupermarket.tests.AdminTest" time="25.451" errors="0" timestamp="2024-10-01T16:43:12 IST" skipped="0">
  <testcase classname="com.sevenrmartsupermarket.tests.AdminTest" name="VerifynewAdminCreation" time="8.426"/>
  <testcase classname="com.sevenrmartsupermarket.tests.AdminTest" name="verifyNewAdminCreation" time="7.511"/>
  <testcase classname="com.sevenrmartsupermarket.tests.AdminTest" name="VerifynewAdminCreation" time="5.692"/>
  <testcase classname="com.sevenrmartsupermarket.tests.AdminTest" name="excelDataRead" time="3.822"/>
</testsuite> <!-- com.sevenrmartsupermarket.tests.AdminTest -->
