<?xml version="1.0" encoding="UTF-8"?>
<!-- Generated by org.testng.reporters.JUnitReportReporter -->
<testsuite hostname="Sharu" failures="0" tests="1" name="com.sevenrmartsupermarket.tests.CategoryTest" time="22.192" errors="0" timestamp="2024-10-02T17:07:36 IST" skipped="0">
  <testcase classname="com.sevenrmartsupermarket.tests.CategoryTest" name="verifyNewCategoryCreation" time="22.192"/>
</testsuite> <!-- com.sevenrmartsupermarket.tests.CategoryTest -->
