<?xml version="1.0" encoding="UTF-8"?>
<!-- Generated by org.testng.reporters.JUnitReportReporter -->
<testsuite hostname="Sharu" failures="0" tests="1" name="com.sevenrmartsupermarket.tests.ManageContactTest" time="9.534" errors="0" timestamp="2024-10-02T17:59:33 IST" skipped="0">
  <testcase classname="com.sevenrmartsupermarket.tests.ManageContactTest" name="verifyManageContactEditData" time="9.534"/>
</testsuite> <!-- com.sevenrmartsupermarket.tests.ManageContactTest -->
